nohup: ignoring input
Downloading https://www.cs.toronto.edu/~kriz/cifar-10-python.tar.gz to ./data/cifar-10-python.tar.gz

  0%|          | 0.00/170M [00:00<?, ?B/s]
  0%|          | 32.8k/170M [00:00<20:29, 139kB/s]
  0%|          | 65.5k/170M [00:00<20:56, 136kB/s]
  0%|          | 98.3k/170M [00:00<20:39, 137kB/s]
  0%|          | 229k/170M [00:00<09:27, 300kB/s] 
  0%|          | 459k/170M [00:01<05:15, 539kB/s]
  1%|          | 918k/170M [00:01<02:47, 1.01MB/s]
  1%|          | 1.84M/170M [00:01<01:27, 1.94MB/s]
  2%|▏         | 3.70M/170M [00:01<00:43, 3.81MB/s]
  4%|▍         | 6.85M/170M [00:02<00:24, 6.70MB/s]
  6%|▌         | 9.99M/170M [00:02<00:18, 8.64MB/s]
  8%|▊         | 13.1M/170M [00:02<00:15, 9.97MB/s]
 10%|▉         | 16.3M/170M [00:02<00:14, 10.8MB/s]
 11%|█▏        | 19.4M/170M [00:03<00:13, 11.4MB/s]
 13%|█▎        | 22.4M/170M [00:03<00:12, 11.8MB/s]
 15%|█▍        | 25.6M/170M [00:03<00:11, 12.1MB/s]
 17%|█▋        | 28.7M/170M [00:03<00:11, 12.4MB/s]
 19%|█▊        | 31.9M/170M [00:04<00:11, 12.6MB/s]
 21%|██        | 35.0M/170M [00:04<00:10, 12.7MB/s]
 22%|██▏       | 38.2M/170M [00:04<00:10, 12.8MB/s]
 24%|██▍       | 41.4M/170M [00:04<00:10, 12.8MB/s]
 26%|██▌       | 44.6M/170M [00:05<00:09, 12.9MB/s]
 28%|██▊       | 47.6M/170M [00:05<00:09, 12.9MB/s]
 30%|██▉       | 50.8M/170M [00:05<00:09, 12.9MB/s]
 32%|███▏      | 53.9M/170M [00:05<00:09, 12.9MB/s]
 33%|███▎      | 57.0M/170M [00:06<00:08, 12.8MB/s]
 35%|███▌      | 60.2M/170M [00:06<00:08, 12.9MB/s]
 37%|███▋      | 63.3M/170M [00:06<00:08, 12.9MB/s]
 39%|███▉      | 66.5M/170M [00:06<00:08, 12.9MB/s]
 41%|████      | 69.5M/170M [00:07<00:07, 12.8MB/s]
 43%|████▎     | 72.7M/170M [00:07<00:07, 12.9MB/s]
 44%|████▍     | 75.8M/170M [00:07<00:07, 12.9MB/s]
 46%|████▋     | 78.9M/170M [00:07<00:07, 12.9MB/s]
 48%|████▊     | 82.1M/170M [00:07<00:06, 12.9MB/s]
 50%|████▉     | 85.2M/170M [00:08<00:06, 12.9MB/s]
 52%|█████▏    | 88.4M/170M [00:08<00:06, 13.0MB/s]
 54%|█████▎    | 91.6M/170M [00:08<00:06, 13.0MB/s]
 56%|█████▌    | 94.6M/170M [00:08<00:05, 12.9MB/s]
 57%|█████▋    | 97.8M/170M [00:09<00:05, 12.9MB/s]
 59%|█████▉    | 101M/170M [00:09<00:05, 12.9MB/s] 
 61%|██████    | 104M/170M [00:09<00:05, 13.0MB/s]
 63%|██████▎   | 107M/170M [00:09<00:04, 12.9MB/s]
 65%|██████▍   | 110M/170M [00:10<00:04, 13.0MB/s]
 67%|██████▋   | 114M/170M [00:10<00:04, 12.9MB/s]
 68%|██████▊   | 117M/170M [00:10<00:04, 12.9MB/s]
 70%|███████   | 120M/170M [00:10<00:03, 12.9MB/s]
 72%|███████▏  | 123M/170M [00:11<00:03, 13.0MB/s]
 74%|███████▍  | 126M/170M [00:11<00:03, 13.0MB/s]
 76%|███████▌  | 129M/170M [00:11<00:03, 13.0MB/s]
 78%|███████▊  | 133M/170M [00:11<00:02, 13.0MB/s]
 80%|███████▉  | 136M/170M [00:12<00:02, 13.0MB/s]
 81%|████████▏ | 139M/170M [00:12<00:02, 13.0MB/s]
 83%|████████▎ | 142M/170M [00:12<00:02, 12.9MB/s]
 85%|████████▌ | 145M/170M [00:12<00:01, 13.0MB/s]
 87%|████████▋ | 148M/170M [00:13<00:01, 13.0MB/s]
 89%|████████▉ | 152M/170M [00:13<00:01, 13.0MB/s]
 91%|█████████ | 155M/170M [00:13<00:01, 13.0MB/s]
 93%|█████████▎| 158M/170M [00:13<00:00, 13.0MB/s]
 94%|█████████▍| 161M/170M [00:14<00:00, 13.0MB/s]
 96%|█████████▋| 164M/170M [00:14<00:00, 13.0MB/s]
 98%|█████████▊| 167M/170M [00:14<00:00, 13.0MB/s]
100%|█████████▉| 170M/170M [00:14<00:00, 12.9MB/s]
100%|██████████| 170M/170M [00:14<00:00, 11.5MB/s]
wandb: [wandb.login()] Loaded credentials for https://api.wandb.ai from /home/b23cs1037/.netrc.
wandb: Currently logged in as: ikamboj-919 (ikamboj-919-iit-jodhpur) to https://api.wandb.ai. Use `wandb login --relogin` to force relogin
wandb: setting up run fhg4vzpc
wandb: Tracking run with wandb version 0.25.1
wandb: Run data is saved locally in /home/b23cs1037/otaal/ops-ass-5/wandb/run-20260402_084254-fhg4vzpc
wandb: Run `wandb offline` to turn off syncing.
wandb: Syncing run q2-resnet18-cifar10
wandb: ⭐️ View project at https://wandb.ai/ikamboj-919-iit-jodhpur/final-ops-ass-5
wandb: 🚀 View run at https://wandb.ai/ikamboj-919-iit-jodhpur/final-ops-ass-5/runs/fhg4vzpc
Extracting ./data/cifar-10-python.tar.gz to ./data
Files already downloaded and verified

train 1/30:   0%|          | 0/391 [00:00<?, ?it/s]
train 1/30:  14%|█▎        | 53/391 [00:01<00:06, 52.87it/s]
train 1/30:  34%|███▍      | 132/391 [00:02<00:03, 67.85it/s]
train 1/30:  56%|█████▌    | 218/391 [00:03<00:02, 75.72it/s]
train 1/30:  75%|███████▌  | 294/391 [00:04<00:01, 71.24it/s]
train 1/30:  96%|█████████▌| 375/391 [00:05<00:00, 74.46it/s]
                                                             
Epoch 01 | train loss 2.2954 acc 0.2609 | test loss 1.6602 acc 0.3772 | 0.10 min

train 2/30:   0%|          | 0/391 [00:00<?, ?it/s]
train 2/30:  20%|██        | 80/391 [00:01<00:03, 79.67it/s]
train 2/30:  41%|████      | 160/391 [00:02<00:02, 79.01it/s]
train 2/30:  61%|██████▏   | 240/391 [00:03<00:02, 72.09it/s]
train 2/30:  80%|████████  | 313/391 [00:04<00:01, 70.95it/s]
train 2/30:  98%|█████████▊| 385/391 [00:05<00:00, 70.78it/s]
                                                             
Epoch 02 | train loss 1.5774 acc 0.4146 | test loss 1.3920 acc 0.4890 | 0.10 min

train 3/30:   0%|          | 0/391 [00:00<?, ?it/s]
train 3/30:  19%|█▉        | 75/391 [00:01<00:04, 74.33it/s]
train 3/30:  38%|███▊      | 150/391 [00:02<00:03, 69.27it/s]
train 3/30:  56%|█████▋    | 220/391 [00:03<00:02, 68.76it/s]
train 3/30:  74%|███████▍  | 289/391 [00:04<00:01, 68.13it/s]
train 3/30:  92%|█████████▏| 358/391 [00:05<00:00, 67.85it/s]
                                                             
Epoch 03 | train loss 1.3653 acc 0.5015 | test loss 1.2159 acc 0.5611 | 0.11 min

train 4/30:   0%|          | 0/391 [00:00<?, ?it/s]
train 4/30:  20%|█▉        | 78/391 [00:01<00:04, 78.00it/s]
train 4/30:  42%|████▏     | 165/391 [00:02<00:02, 82.81it/s]
train 4/30:  64%|██████▍   | 251/391 [00:03<00:01, 83.92it/s]
train 4/30:  86%|████████▌ | 336/391 [00:04<00:00, 83.88it/s]
                                                             
Epoch 04 | train loss 1.1877 acc 0.5741 | test loss 1.2381 acc 0.5603 | 0.09 min

train 5/30:   0%|          | 0/391 [00:00<?, ?it/s]
train 5/30:  19%|█▉        | 75/391 [00:01<00:04, 74.74it/s]
train 5/30:  41%|████▏     | 162/391 [00:02<00:02, 81.47it/s]
train 5/30:  62%|██████▏   | 244/391 [00:03<00:01, 81.49it/s]
train 5/30:  83%|████████▎ | 326/391 [00:04<00:00, 72.00it/s]
                                                             
Epoch 05 | train loss 1.0499 acc 0.6268 | test loss 1.0248 acc 0.6372 | 0.10 min

train 6/30:   0%|          | 0/391 [00:00<?, ?it/s]
train 6/30:  18%|█▊        | 72/391 [00:01<00:04, 71.84it/s]
train 6/30:  39%|███▉      | 152/391 [00:02<00:03, 76.06it/s]
train 6/30:  59%|█████▊    | 229/391 [00:03<00:02, 71.07it/s]
train 6/30:  77%|███████▋  | 301/391 [00:04<00:01, 69.01it/s]
train 6/30:  95%|█████████▍| 371/391 [00:05<00:00, 67.93it/s]
                                                             
Epoch 06 | train loss 0.9690 acc 0.6591 | test loss 0.9519 acc 0.6739 | 0.11 min

train 7/30:   0%|          | 0/391 [00:00<?, ?it/s]
train 7/30:  21%|██        | 81/391 [00:01<00:03, 80.17it/s]
train 7/30:  41%|████▏     | 162/391 [00:02<00:02, 80.32it/s]
train 7/30:  62%|██████▏   | 243/391 [00:03<00:02, 72.70it/s]
train 7/30:  81%|████████▏ | 318/391 [00:04<00:00, 73.53it/s]
                                                             
Epoch 07 | train loss 0.9029 acc 0.6847 | test loss 1.0633 acc 0.6477 | 0.10 min

train 8/30:   0%|          | 0/391 [00:00<?, ?it/s]
train 8/30:  20%|██        | 79/391 [00:01<00:03, 78.64it/s]
train 8/30:  40%|████      | 158/391 [00:02<00:03, 72.91it/s]
train 8/30:  59%|█████▉    | 232/391 [00:03<00:02, 70.06it/s]
train 8/30:  80%|███████▉  | 312/391 [00:04<00:01, 73.56it/s]
                                                             
Epoch 08 | train loss 0.8528 acc 0.7046 | test loss 0.9086 acc 0.6796 | 0.10 min

train 9/30:   0%|          | 0/391 [00:00<?, ?it/s]
train 9/30:  20%|██        | 80/391 [00:01<00:03, 79.77it/s]
train 9/30:  42%|████▏     | 166/391 [00:02<00:02, 83.39it/s]
train 9/30:  65%|██████▍   | 253/391 [00:03<00:01, 84.61it/s]
train 9/30:  86%|████████▋ | 338/391 [00:04<00:00, 79.48it/s]
                                                             
Epoch 09 | train loss 0.8173 acc 0.7144 | test loss 0.7935 acc 0.7262 | 0.09 min

train 10/30:   0%|          | 0/391 [00:00<?, ?it/s]
train 10/30:  20%|█▉        | 78/391 [00:01<00:04, 77.86it/s]
train 10/30:  40%|███▉      | 156/391 [00:02<00:03, 75.39it/s]
train 10/30:  59%|█████▉    | 232/391 [00:03<00:02, 68.79it/s]
train 10/30:  77%|███████▋  | 302/391 [00:04<00:01, 66.26it/s]
train 10/30:  94%|█████████▍| 369/391 [00:05<00:00, 65.21it/s]
                                                              
Epoch 10 | train loss 0.7790 acc 0.7309 | test loss 0.8277 acc 0.7197 | 0.11 min

train 11/30:   0%|          | 0/391 [00:00<?, ?it/s]
train 11/30:  15%|█▌        | 59/391 [00:01<00:05, 58.79it/s]
train 11/30:  35%|███▍      | 135/391 [00:02<00:03, 68.86it/s]
train 11/30:  54%|█████▎    | 210/391 [00:03<00:02, 71.63it/s]
train 11/30:  72%|███████▏  | 282/391 [00:04<00:01, 69.15it/s]
train 11/30:  93%|█████████▎| 363/391 [00:05<00:00, 73.21it/s]
                                                              
Epoch 11 | train loss 0.7458 acc 0.7400 | test loss 0.7704 acc 0.7341 | 0.10 min

train 12/30:   0%|          | 0/391 [00:00<?, ?it/s]
train 12/30:  20%|█▉        | 78/391 [00:01<00:04, 77.43it/s]
train 12/30:  41%|████▏     | 162/391 [00:02<00:02, 81.20it/s]
train 12/30:  62%|██████▏   | 244/391 [00:03<00:01, 79.81it/s]
train 12/30:  83%|████████▎ | 324/391 [00:04<00:00, 77.52it/s]
                                                              
Epoch 12 | train loss 0.7121 acc 0.7545 | test loss 0.7835 acc 0.7299 | 0.09 min

train 13/30:   0%|          | 0/391 [00:00<?, ?it/s]
train 13/30:  17%|█▋        | 67/391 [00:01<00:04, 66.75it/s]
train 13/30:  38%|███▊      | 147/391 [00:02<00:03, 74.24it/s]
train 13/30:  58%|█████▊    | 226/391 [00:03<00:02, 76.38it/s]
train 13/30:  79%|███████▉  | 308/391 [00:04<00:01, 78.44it/s]
train 13/30:  99%|█████████▉| 387/391 [00:05<00:00, 78.63it/s]
                                                              
Epoch 13 | train loss 0.6936 acc 0.7606 | test loss 0.7435 acc 0.7490 | 0.10 min

train 14/30:   0%|          | 0/391 [00:00<?, ?it/s]
train 14/30:  20%|██        | 80/391 [00:01<00:03, 79.88it/s]
train 14/30:  41%|████▏     | 162/391 [00:02<00:02, 80.83it/s]
train 14/30:  62%|██████▏   | 243/391 [00:03<00:02, 72.91it/s]
train 14/30:  81%|████████  | 317/391 [00:04<00:01, 69.76it/s]
train 14/30:  99%|█████████▉| 388/391 [00:05<00:00, 68.12it/s]
                                                              
Epoch 14 | train loss 0.6648 acc 0.7679 | test loss 0.7197 acc 0.7559 | 0.10 min

train 15/30:   0%|          | 0/391 [00:00<?, ?it/s]
train 15/30:  20%|██        | 79/391 [00:01<00:03, 78.54it/s]
train 15/30:  40%|████      | 158/391 [00:02<00:03, 70.91it/s]
train 15/30:  59%|█████▉    | 230/391 [00:03<00:02, 68.39it/s]
train 15/30:  76%|███████▋  | 299/391 [00:04<00:01, 67.20it/s]
train 15/30:  98%|█████████▊| 382/391 [00:05<00:00, 72.38it/s]
                                                              
Epoch 15 | train loss 0.6348 acc 0.7807 | test loss 0.6998 acc 0.7563 | 0.10 min

train 16/30:   0%|          | 0/391 [00:00<?, ?it/s]
train 16/30:  19%|█▊        | 73/391 [00:01<00:04, 72.84it/s]
train 16/30:  39%|███▊      | 151/391 [00:02<00:03, 75.55it/s]
train 16/30:  60%|██████    | 236/391 [00:03<00:01, 79.42it/s]
train 16/30:  81%|████████  | 316/391 [00:04<00:00, 77.48it/s]
                                                              
Epoch 16 | train loss 0.6109 acc 0.7890 | test loss 0.6468 acc 0.7723 | 0.10 min

train 17/30:   0%|          | 0/391 [00:00<?, ?it/s]
train 17/30:  18%|█▊        | 69/391 [00:01<00:04, 68.15it/s]
train 17/30:  35%|███▌      | 138/391 [00:02<00:03, 65.43it/s]
train 17/30:  53%|█████▎    | 206/391 [00:03<00:02, 66.40it/s]
train 17/30:  70%|██████▉   | 273/391 [00:04<00:01, 66.34it/s]
train 17/30:  87%|████████▋ | 340/391 [00:05<00:00, 65.32it/s]
                                                              
Epoch 17 | train loss 0.5908 acc 0.7957 | test loss 0.6818 acc 0.7645 | 0.11 min

train 18/30:   0%|          | 0/391 [00:00<?, ?it/s]
train 18/30:  17%|█▋        | 66/391 [00:01<00:04, 65.49it/s]
train 18/30:  39%|███▉      | 152/391 [00:02<00:03, 77.42it/s]
train 18/30:  60%|██████    | 236/391 [00:03<00:01, 79.90it/s]
train 18/30:  82%|████████▏ | 321/391 [00:04<00:00, 81.79it/s]
                                                              
Epoch 18 | train loss 0.5627 acc 0.8057 | test loss 0.5909 acc 0.7958 | 0.09 min

train 19/30:   0%|          | 0/391 [00:00<?, ?it/s]
train 19/30:  20%|█▉        | 77/391 [00:01<00:04, 76.79it/s]
train 19/30:  41%|████      | 160/391 [00:02<00:02, 80.06it/s]
train 19/30:  62%|██████▏   | 244/391 [00:03<00:01, 81.55it/s]
train 19/30:  83%|████████▎ | 326/391 [00:04<00:00, 79.23it/s]
                                                              
Epoch 19 | train loss 0.5355 acc 0.8159 | test loss 0.6077 acc 0.7934 | 0.09 min

train 20/30:   0%|          | 0/391 [00:00<?, ?it/s]
train 20/30:  15%|█▌        | 59/391 [00:01<00:05, 58.93it/s]
train 20/30:  32%|███▏      | 125/391 [00:02<00:04, 63.08it/s]
train 20/30:  49%|████▉     | 191/391 [00:03<00:03, 64.33it/s]
train 20/30:  67%|██████▋   | 261/391 [00:04<00:01, 66.43it/s]
train 20/30:  86%|████████▌ | 336/391 [00:05<00:00, 69.46it/s]
                                                              
Epoch 20 | train loss 0.5105 acc 0.8230 | test loss 0.5650 acc 0.8055 | 0.11 min

train 21/30:   0%|          | 0/391 [00:00<?, ?it/s]
train 21/30:  16%|█▌        | 62/391 [00:01<00:05, 61.72it/s]
train 21/30:  33%|███▎      | 128/391 [00:02<00:04, 64.13it/s]
train 21/30:  55%|█████▍    | 215/391 [00:03<00:02, 74.47it/s]
train 21/30:  77%|███████▋  | 303/391 [00:04<00:01, 79.76it/s]
train 21/30:  99%|█████████▉| 387/391 [00:05<00:00, 81.17it/s]
                                                              
Epoch 21 | train loss 0.4759 acc 0.8360 | test loss 0.5685 acc 0.8040 | 0.10 min

train 22/30:   0%|          | 0/391 [00:00<?, ?it/s]
train 22/30:  15%|█▌        | 59/391 [00:01<00:05, 58.74it/s]
train 22/30:  33%|███▎      | 128/391 [00:02<00:04, 64.74it/s]
train 22/30:  52%|█████▏    | 204/391 [00:03<00:02, 69.61it/s]
train 22/30:  71%|███████▏  | 279/391 [00:04<00:01, 71.56it/s]
train 22/30:  92%|█████████▏| 361/391 [00:05<00:00, 74.94it/s]
                                                              
Epoch 22 | train loss 0.4459 acc 0.8434 | test loss 0.5460 acc 0.8155 | 0.10 min

train 23/30:   0%|          | 0/391 [00:00<?, ?it/s]
train 23/30:  18%|█▊        | 70/391 [00:01<00:04, 69.40it/s]
train 23/30:  36%|███▌      | 140/391 [00:02<00:03, 68.53it/s]
train 23/30:  53%|█████▎    | 209/391 [00:03<00:02, 67.52it/s]
train 23/30:  74%|███████▍  | 290/391 [00:04<00:01, 72.36it/s]
train 23/30:  93%|█████████▎| 363/391 [00:05<00:00, 70.15it/s]
                                                              
Epoch 23 | train loss 0.4188 acc 0.8553 | test loss 0.5119 acc 0.8262 | 0.11 min

train 24/30:   0%|          | 0/391 [00:00<?, ?it/s]
train 24/30:  20%|██        | 80/391 [00:01<00:03, 79.16it/s]
train 24/30:  42%|████▏     | 166/391 [00:02<00:02, 82.77it/s]
train 24/30:  64%|██████▍   | 250/391 [00:03<00:01, 83.05it/s]
train 24/30:  86%|████████▌ | 335/391 [00:04<00:00, 83.38it/s]
                                                              
Epoch 24 | train loss 0.3858 acc 0.8662 | test loss 0.5169 acc 0.8296 | 0.09 min

train 25/30:   0%|          | 0/391 [00:00<?, ?it/s]
train 25/30:  20%|██        | 80/391 [00:01<00:03, 79.17it/s]
train 25/30:  41%|████      | 160/391 [00:02<00:02, 79.63it/s]
train 25/30:  62%|██████▏   | 243/391 [00:03<00:01, 80.91it/s]
train 25/30:  83%|████████▎ | 324/391 [00:04<00:00, 80.60it/s]
                                                              
Epoch 25 | train loss 0.3538 acc 0.8774 | test loss 0.4878 acc 0.8394 | 0.09 min

train 26/30:   0%|          | 0/391 [00:00<?, ?it/s]
train 26/30:  20%|█▉        | 78/391 [00:01<00:04, 77.92it/s]
train 26/30:  40%|███▉      | 156/391 [00:02<00:03, 71.60it/s]
train 26/30:  58%|█████▊    | 228/391 [00:03<00:02, 68.56it/s]
train 26/30:  76%|███████▌  | 297/391 [00:04<00:01, 67.83it/s]
train 26/30:  93%|█████████▎| 365/391 [00:05<00:00, 66.98it/s]
                                                              
Epoch 26 | train loss 0.3274 acc 0.8882 | test loss 0.4706 acc 0.8445 | 0.11 min

train 27/30:   0%|          | 0/391 [00:00<?, ?it/s]
train 27/30:  17%|█▋        | 66/391 [00:01<00:05, 64.99it/s]
train 27/30:  34%|███▍      | 134/391 [00:02<00:03, 66.31it/s]
train 27/30:  55%|█████▍    | 214/391 [00:03<00:02, 72.20it/s]
train 27/30:  74%|███████▍  | 289/391 [00:04<00:01, 73.16it/s]
train 27/30:  93%|█████████▎| 363/391 [00:05<00:00, 72.23it/s]
                                                              
Epoch 27 | train loss 0.2985 acc 0.8967 | test loss 0.4555 acc 0.8501 | 0.10 min

train 28/30:   0%|          | 0/391 [00:00<?, ?it/s]
train 28/30:  16%|█▋        | 64/391 [00:01<00:05, 63.60it/s]
train 28/30:  34%|███▎      | 131/391 [00:02<00:03, 65.20it/s]
train 28/30:  51%|█████     | 198/391 [00:03<00:02, 65.89it/s]
train 28/30:  69%|██████▉   | 270/391 [00:04<00:01, 68.19it/s]
train 28/30:  88%|████████▊ | 343/391 [00:05<00:00, 69.61it/s]
                                                              
Epoch 28 | train loss 0.2773 acc 0.9045 | test loss 0.4462 acc 0.8538 | 0.11 min

train 29/30:   0%|          | 0/391 [00:00<?, ?it/s]
train 29/30:  16%|█▌        | 62/391 [00:01<00:05, 61.61it/s]
train 29/30:  33%|███▎      | 129/391 [00:02<00:04, 64.58it/s]
train 29/30:  50%|█████     | 196/391 [00:03<00:02, 65.28it/s]
train 29/30:  69%|██████▊   | 268/391 [00:04<00:01, 67.59it/s]
train 29/30:  86%|████████▌ | 336/391 [00:05<00:00, 66.98it/s]
                                                              
Epoch 29 | train loss 0.2607 acc 0.9091 | test loss 0.4443 acc 0.8583 | 0.11 min

train 30/30:   0%|          | 0/391 [00:00<?, ?it/s]
train 30/30:  16%|█▋        | 64/391 [00:01<00:05, 63.29it/s]
train 30/30:  33%|███▎      | 130/391 [00:02<00:04, 64.87it/s]
train 30/30:  50%|█████     | 197/391 [00:03<00:02, 65.53it/s]
train 30/30:  67%|██████▋   | 263/391 [00:04<00:01, 65.68it/s]
train 30/30:  85%|████████▍ | 331/391 [00:05<00:00, 66.24it/s]
                                                              
Epoch 30 | train loss 0.2511 acc 0.9142 | test loss 0.4420 acc 0.8567 | 0.11 min
wandb: updating run metadata
wandb: uploading config.yaml; uploading output.log
wandb: uploading output.log
wandb: uploading history steps 29-29, summary, console lines 0-0
wandb: uploading console lines 3-30
wandb: 
wandb: Run history:
wandb:        epoch ▁▁▁▂▂▂▂▃▃▃▃▄▄▄▄▅▅▅▅▆▆▆▆▇▇▇▇███
wandb:           lr █████▇▇▇▇▆▆▆▅▅▅▄▄▃▃▃▂▂▂▂▁▁▁▁▁▁
wandb:     test/acc ▁▃▄▄▅▅▅▅▆▆▆▆▆▇▇▇▇▇▇▇▇▇████████
wandb:    test/loss █▆▅▆▄▄▅▄▃▃▃▃▃▃▂▂▂▂▂▂▂▂▁▁▁▁▁▁▁▁
wandb: time/epoch_s ▅▅▆▁▅▆▅▃▂▇▅▂▃▅▅▃█▂▂▆▃▅▆▁▃▇▅▇▇▇
wandb:    train/acc ▁▃▄▄▅▅▆▆▆▆▆▆▆▆▇▇▇▇▇▇▇▇▇▇██████
wandb:   train/loss █▆▅▄▄▃▃▃▃▃▃▃▃▂▂▂▂▂▂▂▂▂▂▁▁▁▁▁▁▁
wandb: 
wandb: Run summary:
wandb:     best_ckpt q2/outputs/best_q2-r...
wandb: best_test_acc 0.85829
wandb:         epoch 30
wandb:            lr 0
wandb:      test/acc 0.8567
wandb:     test/loss 0.44196
wandb:  time/epoch_s 6.54897
wandb:     train/acc 0.91422
wandb:    train/loss 0.25107
wandb: 
wandb: 🚀 View run q2-resnet18-cifar10 at: https://wandb.ai/ikamboj-919-iit-jodhpur/final-ops-ass-5/runs/fhg4vzpc
wandb: ⭐️ View project at: https://wandb.ai/ikamboj-919-iit-jodhpur/final-ops-ass-5
wandb: Synced 5 W&B file(s), 0 media file(s), 0 artifact file(s) and 0 other file(s)
wandb: Find logs at: ./wandb/run-20260402_084254-fhg4vzpc/logs
Done. Best test acc: 0.8583
Best checkpoint: q2/outputs/best_q2-resnet18-cifar10.pt
